[main] 2021-07-12 23:23:12 INFO  com.banking.main.BankingMain  - Hello
[main] 2021-07-15 18:08:30 INFO  com.banking.main.BankingMain  - Welcome to Engineer's Bank
[main] 2021-07-15 18:08:30 INFO  com.banking.main.BankingMain  - 1)Login
[main] 2021-07-15 18:08:30 INFO  com.banking.main.BankingMain  - 2)Sign up
[main] 2021-07-15 18:08:30 INFO  com.banking.main.BankingMain  - 3)Forgot password
[main] 2021-07-15 18:08:30 INFO  com.banking.main.BankingMain  - 4)EXIT
[main] 2021-07-15 18:08:30 INFO  com.banking.main.BankingMain  - Enter your choice 1-4
[main] 2021-07-15 18:08:41 INFO  com.banking.main.BankingMain  - Welcome to  the Engineer's Bank
[main] 2021-07-15 18:08:41 INFO  com.banking.main.BankingMain  - Enter the First Name
[main] 2021-07-15 18:08:48 INFO  com.banking.main.BankingMain  - Enter the Middle Name
[main] 2021-07-15 18:08:50 INFO  com.banking.main.BankingMain  - Enter the Last Name
[main] 2021-07-15 18:08:53 INFO  com.banking.main.BankingMain  - Enter the Date of Birth in dd/mm/yyyy format
[main] 2021-07-15 18:08:59 INFO  com.banking.main.BankingMain  - Enter the Father Name
[main] 2021-07-15 18:09:02 INFO  com.banking.main.BankingMain  - Enter the Mobile No.
[main] 2021-07-15 18:09:07 INFO  com.banking.main.BankingMain  - Enter the email address
[main] 2021-07-15 18:09:18 INFO  com.banking.main.BankingMain  - Enter the Address
[main] 2021-07-15 18:09:21 INFO  com.banking.main.BankingMain  - Select the id proof
1:Aadhar card with DOB
2:Voter Card
3:Passport
4:Driving License 
[main] 2021-07-15 18:09:35 INFO  com.banking.main.BankingMain  - Enter the PAN number
[main] 2021-07-15 18:09:40 INFO  com.banking.main.BankingMain  - Please Enter correct pan number
[main] 2021-07-15 18:10:10 INFO  com.banking.main.BankingMain  - Enter the username:
[main] 2021-07-15 18:10:14 INFO  com.banking.main.BankingMain  - Enter the password:
[main] 2021-07-15 18:10:15 INFO  com.banking.main.BankingMain  - Password Invalid
[main] 2021-07-15 18:10:23 INFO  com.banking.main.BankingMain  - Registered successfully
[main] 2021-07-15 18:10:23 INFO  com.banking.main.BankingMain  - Welcome to Engineer's Bank
[main] 2021-07-15 18:10:23 INFO  com.banking.main.BankingMain  - 1)Login
[main] 2021-07-15 18:10:23 INFO  com.banking.main.BankingMain  - 2)Sign up
[main] 2021-07-15 18:10:23 INFO  com.banking.main.BankingMain  - 3)Forgot password
[main] 2021-07-15 18:10:23 INFO  com.banking.main.BankingMain  - 4)EXIT
[main] 2021-07-15 18:10:23 INFO  com.banking.main.BankingMain  - Enter your choice 1-4
[main] 2021-07-15 18:10:34 INFO  com.banking.main.BankingMain  - Enter the username
[main] 2021-07-15 18:10:40 INFO  com.banking.main.BankingMain  - Enter the password
[main] 2021-07-15 18:10:41 INFO  com.banking.main.BankingMain  - Welcome to Engineer's Bank
[main] 2021-07-15 18:10:41 INFO  com.banking.main.BankingMain  - 1)Login
[main] 2021-07-15 18:10:41 INFO  com.banking.main.BankingMain  - 2)Sign up
[main] 2021-07-15 18:10:41 INFO  com.banking.main.BankingMain  - 3)Forgot password
[main] 2021-07-15 18:10:41 INFO  com.banking.main.BankingMain  - 4)EXIT
[main] 2021-07-15 18:10:41 INFO  com.banking.main.BankingMain  - Enter your choice 1-4
[main] 2021-07-15 18:10:50 INFO  com.banking.main.BankingMain  - Thanks for using our Banking  App
[main] 2021-07-15 21:36:35 INFO  com.banking.main.BankingMain  - Welcome to Engineer's Bank
[main] 2021-07-15 21:36:35 INFO  com.banking.main.BankingMain  - 1)Login
[main] 2021-07-15 21:36:35 INFO  com.banking.main.BankingMain  - 2)Sign up
[main] 2021-07-15 21:36:35 INFO  com.banking.main.BankingMain  - 3)Forgot password
[main] 2021-07-15 21:36:35 INFO  com.banking.main.BankingMain  - 4)EXIT
[main] 2021-07-15 21:36:35 INFO  com.banking.main.BankingMain  - Enter your choice 1-4
[main] 2021-07-15 21:36:47 INFO  com.banking.main.BankingMain  - Welcome to  the Engineer's Bank
[main] 2021-07-15 21:36:47 INFO  com.banking.main.BankingMain  - Enter the First Name
[main] 2021-07-15 21:36:50 INFO  com.banking.main.BankingMain  - Enter the Middle Name
[main] 2021-07-15 21:36:52 INFO  com.banking.main.BankingMain  - Enter the Last Name
[main] 2021-07-15 21:36:53 INFO  com.banking.main.BankingMain  - Enter the Date of Birth in dd/mm/yyyy format
[main] 2021-07-15 21:36:55 INFO  com.banking.main.BankingMain  - Enter the Father Name
[main] 2021-07-15 21:37:02 INFO  com.banking.main.BankingMain  - Enter the Mobile No.
[main] 2021-07-15 21:37:05 INFO  com.banking.main.BankingMain  - Enter the email address
[main] 2021-07-15 21:37:06 INFO  com.banking.main.BankingMain  - Enter the Address
[main] 2021-07-15 21:37:08 INFO  com.banking.main.BankingMain  - Select the id proof
1:Aadhar card with DOB
2:Voter Card
3:Passport
4:Driving License 
[main] 2021-07-15 21:37:18 INFO  com.banking.main.BankingMain  - Please Enter correct aadhar number
[main] 2021-07-15 21:37:26 INFO  com.banking.main.BankingMain  - Enter the PAN number
[main] 2021-07-15 21:37:28 INFO  com.banking.main.BankingMain  - Please Enter correct pan number
[main] 2021-07-15 21:37:41 INFO  com.banking.main.BankingMain  - Enter the username:
[main] 2021-07-15 21:37:45 INFO  com.banking.main.BankingMain  - Enter the password:
[main] 2021-07-15 21:52:41 INFO  com.banking.main.BankingMain  - Welcome to Engineer's Bank
[main] 2021-07-15 21:52:41 INFO  com.banking.main.BankingMain  - 1)Login
[main] 2021-07-15 21:52:41 INFO  com.banking.main.BankingMain  - 2)Sign up
[main] 2021-07-15 21:52:41 INFO  com.banking.main.BankingMain  - 3)Forgot password
[main] 2021-07-15 21:52:41 INFO  com.banking.main.BankingMain  - 4)EXIT
[main] 2021-07-15 21:52:41 INFO  com.banking.main.BankingMain  - Enter your choice 1-4
[main] 2021-07-15 21:52:50 INFO  com.banking.main.BankingMain  - Welcome to  the Engineer's Bank
[main] 2021-07-15 21:52:50 INFO  com.banking.main.BankingMain  - Enter the First Name
[main] 2021-07-15 21:52:51 INFO  com.banking.main.BankingMain  - Enter the Middle Name
[main] 2021-07-15 21:52:52 INFO  com.banking.main.BankingMain  - Enter the Last Name
[main] 2021-07-15 21:52:53 INFO  com.banking.main.BankingMain  - Enter the Date of Birth in dd/mm/yyyy format
[main] 2021-07-15 21:52:59 INFO  com.banking.main.BankingMain  - Enter the Father Name
[main] 2021-07-15 21:53:02 INFO  com.banking.main.BankingMain  - Enter the Mobile No.
[main] 2021-07-15 21:53:07 INFO  com.banking.main.BankingMain  - Enter the email address
[main] 2021-07-15 21:53:09 INFO  com.banking.main.BankingMain  - Enter the Address
[main] 2021-07-15 21:53:11 INFO  com.banking.main.BankingMain  - Select the id proof
1:Aadhar card with DOB
2:Voter Card
3:Passport
4:Driving License 
[main] 2021-07-15 21:53:19 INFO  com.banking.main.BankingMain  - Enter the PAN number
[main] 2021-07-15 21:53:28 INFO  com.banking.main.BankingMain  - Enter the username:
[main] 2021-07-15 21:53:31 INFO  com.banking.main.BankingMain  - Enter the password:
[main] 2021-07-15 21:55:05 INFO  com.banking.main.BankingMain  - Welcome to Engineer's Bank
[main] 2021-07-15 21:55:05 INFO  com.banking.main.BankingMain  - 1)Login
[main] 2021-07-15 21:55:05 INFO  com.banking.main.BankingMain  - 2)Sign up
[main] 2021-07-15 21:55:05 INFO  com.banking.main.BankingMain  - 3)Forgot password
[main] 2021-07-15 21:55:05 INFO  com.banking.main.BankingMain  - 4)EXIT
[main] 2021-07-15 21:55:05 INFO  com.banking.main.BankingMain  - Enter your choice 1-4
[main] 2021-07-15 21:55:12 INFO  com.banking.main.BankingMain  - Welcome to  the Engineer's Bank
[main] 2021-07-15 21:55:12 INFO  com.banking.main.BankingMain  - Enter the First Name
[main] 2021-07-15 21:55:15 INFO  com.banking.main.BankingMain  - Enter the Middle Name
[main] 2021-07-15 21:55:16 INFO  com.banking.main.BankingMain  - Enter the Last Name
[main] 2021-07-15 21:55:17 INFO  com.banking.main.BankingMain  - Enter the Date of Birth in dd/mm/yyyy format
[main] 2021-07-15 21:55:24 INFO  com.banking.main.BankingMain  - Enter the Father Name
[main] 2021-07-15 21:55:26 INFO  com.banking.main.BankingMain  - Enter the Mobile No.
[main] 2021-07-15 21:55:34 INFO  com.banking.main.BankingMain  - Enter the email address
[main] 2021-07-15 21:55:37 INFO  com.banking.main.BankingMain  - Enter the Address
[main] 2021-07-15 21:55:39 INFO  com.banking.main.BankingMain  - Select the id proof
1:Aadhar card with DOB
2:Voter Card
3:Passport
4:Driving License 
[main] 2021-07-15 21:55:48 INFO  com.banking.main.BankingMain  - Please Enter correct aadhar number
[main] 2021-07-15 21:55:52 INFO  com.banking.main.BankingMain  - Enter the PAN number
[main] 2021-07-15 21:56:00 INFO  com.banking.main.BankingMain  - Enter the username:
[main] 2021-07-15 21:56:02 INFO  com.banking.main.BankingMain  - Enter the password:
[main] 2021-07-15 23:03:07 INFO  com.banking.main.BankingMain  - Welcome to Engineer's Bank
[main] 2021-07-15 23:03:07 INFO  com.banking.main.BankingMain  - 1)Login
[main] 2021-07-15 23:03:07 INFO  com.banking.main.BankingMain  - 2)Sign up
[main] 2021-07-15 23:03:07 INFO  com.banking.main.BankingMain  - 3)Forgot password
[main] 2021-07-15 23:03:07 INFO  com.banking.main.BankingMain  - 4)EXIT
[main] 2021-07-15 23:03:07 INFO  com.banking.main.BankingMain  - Enter your choice 1-4
[main] 2021-07-15 23:03:18 INFO  com.banking.main.BankingMain  - Welcome to  the Engineer's Bank
[main] 2021-07-15 23:03:18 INFO  com.banking.main.BankingMain  - Enter the First Name
[main] 2021-07-15 23:03:25 INFO  com.banking.main.BankingMain  - Enter the Middle Name
[main] 2021-07-15 23:03:28 INFO  com.banking.main.BankingMain  - Enter the Last Name
[main] 2021-07-15 23:03:31 INFO  com.banking.main.BankingMain  - Enter the Date of Birth in dd/mm/yyyy format
[main] 2021-07-15 23:03:39 INFO  com.banking.main.BankingMain  - Enter the Father Name
[main] 2021-07-15 23:03:47 INFO  com.banking.main.BankingMain  - Enter the Mobile No.
[main] 2021-07-15 23:03:54 INFO  com.banking.main.BankingMain  - Enter the email address
[main] 2021-07-15 23:04:04 INFO  com.banking.main.BankingMain  - Enter the Address
[main] 2021-07-15 23:04:16 INFO  com.banking.main.BankingMain  - Select the id proof
1:Aadhar card with DOB
2:Voter Card
3:Passport
4:Driving License 
[main] 2021-07-15 23:04:24 INFO  com.banking.main.BankingMain  - Enter the PAN number
[main] 2021-07-15 23:04:32 INFO  com.banking.main.BankingMain  - Enter the username:
[main] 2021-07-15 23:04:44 INFO  com.banking.main.BankingMain  - Enter the password:
[main] 2021-07-15 23:06:17 INFO  com.banking.main.BankingMain  - Welcome to Engineer's Bank
[main] 2021-07-15 23:06:17 INFO  com.banking.main.BankingMain  - 1)Login
[main] 2021-07-15 23:06:17 INFO  com.banking.main.BankingMain  - 2)Sign up
[main] 2021-07-15 23:06:17 INFO  com.banking.main.BankingMain  - 3)Forgot password
[main] 2021-07-15 23:06:17 INFO  com.banking.main.BankingMain  - 4)EXIT
[main] 2021-07-15 23:06:17 INFO  com.banking.main.BankingMain  - Enter your choice 1-4
[main] 2021-07-15 23:06:25 INFO  com.banking.main.BankingMain  - Welcome to  the Engineer's Bank
[main] 2021-07-15 23:06:25 INFO  com.banking.main.BankingMain  - Enter the First Name
[main] 2021-07-15 23:06:29 INFO  com.banking.main.BankingMain  - Enter the Middle Name
[main] 2021-07-15 23:06:30 INFO  com.banking.main.BankingMain  - Enter the Last Name
[main] 2021-07-15 23:06:32 INFO  com.banking.main.BankingMain  - Enter the Date of Birth in dd/mm/yyyy format
[main] 2021-07-15 23:06:36 INFO  com.banking.main.BankingMain  - Please enter valid Date of Birth
[main] 2021-07-15 23:06:44 INFO  com.banking.main.BankingMain  - Enter the Father Name
[main] 2021-07-15 23:06:46 INFO  com.banking.main.BankingMain  - Enter the Mobile No.
[main] 2021-07-15 23:06:50 INFO  com.banking.main.BankingMain  - Enter the email address
[main] 2021-07-15 23:06:59 INFO  com.banking.main.BankingMain  - Enter the Address
[main] 2021-07-15 23:07:10 INFO  com.banking.main.BankingMain  - Select the id proof
1:Aadhar card with DOB
2:Voter Card
3:Passport
4:Driving License 
[main] 2021-07-15 23:07:19 INFO  com.banking.main.BankingMain  - Enter the PAN number
[main] 2021-07-15 23:07:25 INFO  com.banking.main.BankingMain  - Enter the username:
[main] 2021-07-15 23:07:32 INFO  com.banking.main.BankingMain  - Enter the password:
[main] 2021-07-15 23:07:44 INFO  com.banking.main.BankingMain  - Registered successfully
[main] 2021-07-15 23:07:44 INFO  com.banking.main.BankingMain  - Welcome to Engineer's Bank
[main] 2021-07-15 23:07:44 INFO  com.banking.main.BankingMain  - 1)Login
[main] 2021-07-15 23:07:44 INFO  com.banking.main.BankingMain  - 2)Sign up
[main] 2021-07-15 23:07:44 INFO  com.banking.main.BankingMain  - 3)Forgot password
[main] 2021-07-15 23:07:44 INFO  com.banking.main.BankingMain  - 4)EXIT
[main] 2021-07-15 23:07:44 INFO  com.banking.main.BankingMain  - Enter your choice 1-4
[main] 2021-07-15 23:08:57 INFO  com.banking.main.BankingMain  - Welcome to Engineer's Bank
[main] 2021-07-15 23:08:57 INFO  com.banking.main.BankingMain  - 1)Login
[main] 2021-07-15 23:08:57 INFO  com.banking.main.BankingMain  - 2)Sign up
[main] 2021-07-15 23:08:57 INFO  com.banking.main.BankingMain  - 3)Forgot password
[main] 2021-07-15 23:08:57 INFO  com.banking.main.BankingMain  - 4)EXIT
[main] 2021-07-15 23:08:57 INFO  com.banking.main.BankingMain  - Enter your choice 1-4
[main] 2021-07-15 23:09:06 INFO  com.banking.main.BankingMain  - Welcome to  the Engineer's Bank
[main] 2021-07-15 23:09:06 INFO  com.banking.main.BankingMain  - Enter the First Name
[main] 2021-07-15 23:09:15 INFO  com.banking.main.BankingMain  - Enter the Middle Name
[main] 2021-07-15 23:09:19 INFO  com.banking.main.BankingMain  - Enter the Last Name
[main] 2021-07-15 23:09:36 INFO  com.banking.main.BankingMain  - Enter the Date of Birth in dd/mm/yyyy format
[main] 2021-07-15 23:09:43 INFO  com.banking.main.BankingMain  - Please enter valid Date of Birth
[main] 2021-07-15 23:09:57 INFO  com.banking.main.BankingMain  - Enter the Father Name
[main] 2021-07-15 23:10:03 INFO  com.banking.main.BankingMain  - Enter the Mobile No.
[main] 2021-07-15 23:10:08 INFO  com.banking.main.BankingMain  - Enter the email address
[main] 2021-07-15 23:10:20 INFO  com.banking.main.BankingMain  - Enter the Address
[main] 2021-07-15 23:10:27 INFO  com.banking.main.BankingMain  - Select the id proof
1:Aadhar card with DOB
2:Voter Card
3:Passport
4:Driving License 
[main] 2021-07-15 23:10:34 INFO  com.banking.main.BankingMain  - Enter the PAN number
[main] 2021-07-15 23:10:40 INFO  com.banking.main.BankingMain  - Enter the username:
[main] 2021-07-15 23:10:59 INFO  com.banking.main.BankingMain  - Enter the password:
[main] 2021-07-15 23:11:05 INFO  com.banking.main.BankingMain  - Registered successfully
[main] 2021-07-15 23:11:05 INFO  com.banking.main.BankingMain  - Welcome to Engineer's Bank
[main] 2021-07-15 23:11:05 INFO  com.banking.main.BankingMain  - 1)Login
[main] 2021-07-15 23:11:05 INFO  com.banking.main.BankingMain  - 2)Sign up
[main] 2021-07-15 23:11:05 INFO  com.banking.main.BankingMain  - 3)Forgot password
[main] 2021-07-15 23:11:05 INFO  com.banking.main.BankingMain  - 4)EXIT
[main] 2021-07-15 23:11:05 INFO  com.banking.main.BankingMain  - Enter your choice 1-4
[main] 2021-07-15 23:12:37 INFO  com.banking.main.BankingMain  - Welcome to Engineer's Bank
[main] 2021-07-15 23:12:37 INFO  com.banking.main.BankingMain  - 1)Login
[main] 2021-07-15 23:12:37 INFO  com.banking.main.BankingMain  - 2)Sign up
[main] 2021-07-15 23:12:37 INFO  com.banking.main.BankingMain  - 3)Forgot password
[main] 2021-07-15 23:12:37 INFO  com.banking.main.BankingMain  - 4)EXIT
[main] 2021-07-15 23:12:37 INFO  com.banking.main.BankingMain  - Enter your choice 1-4
[main] 2021-07-15 23:12:47 INFO  com.banking.main.BankingMain  - Welcome to  the Engineer's Bank
[main] 2021-07-15 23:12:47 INFO  com.banking.main.BankingMain  - Enter the First Name
[main] 2021-07-15 23:12:52 INFO  com.banking.main.BankingMain  - Enter the Middle Name
[main] 2021-07-15 23:12:55 INFO  com.banking.main.BankingMain  - Enter the Last Name
[main] 2021-07-15 23:12:59 INFO  com.banking.main.BankingMain  - Enter the Date of Birth in dd/mm/yyyy format
[main] 2021-07-15 23:13:05 INFO  com.banking.main.BankingMain  - Enter the Father Name
[main] 2021-07-15 23:13:09 INFO  com.banking.main.BankingMain  - Enter the Mobile No.
[main] 2021-07-15 23:13:16 INFO  com.banking.main.BankingMain  - Enter the email address
[main] 2021-07-15 23:13:26 INFO  com.banking.main.BankingMain  - Enter the Address
[main] 2021-07-15 23:13:29 INFO  com.banking.main.BankingMain  - Select the id proof
1:Aadhar card with DOB
2:Voter Card
3:Passport
4:Driving License 
[main] 2021-07-15 23:13:37 INFO  com.banking.main.BankingMain  - Enter the PAN number
[main] 2021-07-15 23:13:53 INFO  com.banking.main.BankingMain  - Enter the username:
[main] 2021-07-15 23:14:04 INFO  com.banking.main.BankingMain  - Enter the password:
[main] 2021-07-15 23:14:08 INFO  com.banking.main.BankingMain  - Registered successfully
[main] 2021-07-15 23:14:08 INFO  com.banking.main.BankingMain  - Welcome to Engineer's Bank
[main] 2021-07-15 23:14:08 INFO  com.banking.main.BankingMain  - 1)Login
[main] 2021-07-15 23:14:08 INFO  com.banking.main.BankingMain  - 2)Sign up
[main] 2021-07-15 23:14:08 INFO  com.banking.main.BankingMain  - 3)Forgot password
[main] 2021-07-15 23:14:08 INFO  com.banking.main.BankingMain  - 4)EXIT
[main] 2021-07-15 23:14:08 INFO  com.banking.main.BankingMain  - Enter your choice 1-4
[main] 2021-07-15 23:25:37 INFO  com.banking.main.BankingMain  - Welcome to Engineer's Bank
[main] 2021-07-15 23:25:37 INFO  com.banking.main.BankingMain  - 1)Login
[main] 2021-07-15 23:25:37 INFO  com.banking.main.BankingMain  - 2)Sign up
[main] 2021-07-15 23:25:37 INFO  com.banking.main.BankingMain  - 3)Forgot password
[main] 2021-07-15 23:25:37 INFO  com.banking.main.BankingMain  - 4)EXIT
[main] 2021-07-15 23:25:37 INFO  com.banking.main.BankingMain  - Enter your choice 1-4
[main] 2021-07-15 23:25:39 INFO  com.banking.main.BankingMain  - Welcome to Engineer's Bank
[main] 2021-07-15 23:25:39 INFO  com.banking.main.BankingMain  - 1)Login
[main] 2021-07-15 23:25:39 INFO  com.banking.main.BankingMain  - 2)Sign up
[main] 2021-07-15 23:25:39 INFO  com.banking.main.BankingMain  - 3)Forgot password
[main] 2021-07-15 23:25:39 INFO  com.banking.main.BankingMain  - 4)EXIT
[main] 2021-07-15 23:25:39 INFO  com.banking.main.BankingMain  - Enter your choice 1-4
[main] 2021-07-15 23:26:11 INFO  com.banking.main.BankingMain  - Welcome to Engineer's Bank
[main] 2021-07-15 23:26:11 INFO  com.banking.main.BankingMain  - 1)Login
[main] 2021-07-15 23:26:11 INFO  com.banking.main.BankingMain  - 2)Sign up
[main] 2021-07-15 23:26:11 INFO  com.banking.main.BankingMain  - 3)Forgot password
[main] 2021-07-15 23:26:11 INFO  com.banking.main.BankingMain  - 4)EXIT
[main] 2021-07-15 23:26:11 INFO  com.banking.main.BankingMain  - Enter your choice 1-4
[main] 2021-07-15 23:26:18 INFO  com.banking.main.BankingMain  - Welcome to  the Engineer's Bank
[main] 2021-07-15 23:26:18 INFO  com.banking.main.BankingMain  - Enter the First Name
[main] 2021-07-15 23:26:23 INFO  com.banking.main.BankingMain  - Enter the Middle Name
[main] 2021-07-15 23:26:29 INFO  com.banking.main.BankingMain  - Enter the Last Name
[main] 2021-07-15 23:26:31 INFO  com.banking.main.BankingMain  - Enter the Date of Birth in dd/mm/yyyy format
[main] 2021-07-15 23:26:38 INFO  com.banking.main.BankingMain  - Enter the Father Name
[main] 2021-07-15 23:26:46 INFO  com.banking.main.BankingMain  - Enter the Mobile No.
[main] 2021-07-15 23:26:50 INFO  com.banking.main.BankingMain  - Enter the email address
[main] 2021-07-15 23:27:01 INFO  com.banking.main.BankingMain  - Enter the Address
[main] 2021-07-15 23:27:05 INFO  com.banking.main.BankingMain  - Select the id proof
1:Aadhar card with DOB
2:Voter Card
3:Passport
4:Driving License 
[main] 2021-07-15 23:27:11 INFO  com.banking.main.BankingMain  - Please Enter correct aadhar number
[main] 2021-07-15 23:27:17 INFO  com.banking.main.BankingMain  - Enter the PAN number
[main] 2021-07-15 23:27:25 INFO  com.banking.main.BankingMain  - Enter the username:
[main] 2021-07-15 23:27:33 INFO  com.banking.main.BankingMain  - Enter the password:
[main] 2021-07-15 23:27:37 INFO  com.banking.main.BankingMain  - Registered successfully
[main] 2021-07-15 23:27:37 INFO  com.banking.main.BankingMain  - Welcome to Engineer's Bank
[main] 2021-07-15 23:27:37 INFO  com.banking.main.BankingMain  - 1)Login
[main] 2021-07-15 23:27:37 INFO  com.banking.main.BankingMain  - 2)Sign up
[main] 2021-07-15 23:27:37 INFO  com.banking.main.BankingMain  - 3)Forgot password
[main] 2021-07-15 23:27:37 INFO  com.banking.main.BankingMain  - 4)EXIT
[main] 2021-07-15 23:27:37 INFO  com.banking.main.BankingMain  - Enter your choice 1-4
[main] 2021-07-16 00:27:13 INFO  com.banking.main.BankingMain  - Welcome to Engineer's Bank
[main] 2021-07-16 00:27:13 INFO  com.banking.main.BankingMain  - 1)Login
[main] 2021-07-16 00:27:13 INFO  com.banking.main.BankingMain  - 2)Sign up
[main] 2021-07-16 00:27:13 INFO  com.banking.main.BankingMain  - 3)Forgot password
[main] 2021-07-16 00:27:13 INFO  com.banking.main.BankingMain  - 4)EXIT
[main] 2021-07-16 00:27:13 INFO  com.banking.main.BankingMain  - Enter your choice 1-4
[main] 2021-07-16 00:27:40 INFO  com.banking.main.BankingMain  - Enter the username
[main] 2021-07-16 00:28:08 INFO  com.banking.main.BankingMain  - Enter the password
[main] 2021-07-16 00:28:11 INFO  com.banking.main.BankingMain  - Welcome to Engineer's Bank
[main] 2021-07-16 00:28:11 INFO  com.banking.main.BankingMain  - 1)Login
[main] 2021-07-16 00:28:11 INFO  com.banking.main.BankingMain  - 2)Sign up
[main] 2021-07-16 00:28:11 INFO  com.banking.main.BankingMain  - 3)Forgot password
[main] 2021-07-16 00:28:11 INFO  com.banking.main.BankingMain  - 4)EXIT
[main] 2021-07-16 00:28:11 INFO  com.banking.main.BankingMain  - Enter your choice 1-4
[main] 2021-07-16 00:28:15 INFO  com.banking.main.BankingMain  - Welcome to  the Engineer's Bank
[main] 2021-07-16 00:28:15 INFO  com.banking.main.BankingMain  - Enter the First Name
[main] 2021-07-16 00:28:19 INFO  com.banking.main.BankingMain  - Enter the Middle Name
[main] 2021-07-16 00:28:28 INFO  com.banking.main.BankingMain  - Enter the Last Name
[main] 2021-07-16 00:28:30 INFO  com.banking.main.BankingMain  - Enter the Date of Birth in dd/mm/yyyy format
[main] 2021-07-16 00:28:35 INFO  com.banking.main.BankingMain  - Enter the Father Name
[main] 2021-07-16 00:28:38 INFO  com.banking.main.BankingMain  - Enter the Mobile No.
[main] 2021-07-16 00:28:42 INFO  com.banking.main.BankingMain  - Enter the email address
[main] 2021-07-16 00:28:58 INFO  com.banking.main.BankingMain  - Enter the Address
[main] 2021-07-16 00:29:02 INFO  com.banking.main.BankingMain  - Select the id proof
1:Aadhar card with DOB
2:Voter Card
3:Passport
4:Driving License 
[main] 2021-07-16 00:29:09 INFO  com.banking.main.BankingMain  - Enter the PAN number
[main] 2021-07-16 00:29:14 INFO  com.banking.main.BankingMain  - Enter the username:
[main] 2021-07-16 00:29:23 INFO  com.banking.main.BankingMain  - Enter the password:
[main] 2021-07-16 00:29:28 INFO  com.banking.main.BankingMain  - Registered successfully
[main] 2021-07-16 00:29:28 INFO  com.banking.main.BankingMain  - Welcome to Engineer's Bank
[main] 2021-07-16 00:29:28 INFO  com.banking.main.BankingMain  - 1)Login
[main] 2021-07-16 00:29:28 INFO  com.banking.main.BankingMain  - 2)Sign up
[main] 2021-07-16 00:29:28 INFO  com.banking.main.BankingMain  - 3)Forgot password
[main] 2021-07-16 00:29:28 INFO  com.banking.main.BankingMain  - 4)EXIT
[main] 2021-07-16 00:29:28 INFO  com.banking.main.BankingMain  - Enter your choice 1-4
[main] 2021-07-16 00:31:46 INFO  com.banking.main.BankingMain  - Welcome to Engineer's Bank
[main] 2021-07-16 00:31:46 INFO  com.banking.main.BankingMain  - 1)Login
[main] 2021-07-16 00:31:46 INFO  com.banking.main.BankingMain  - 2)Sign up
[main] 2021-07-16 00:31:46 INFO  com.banking.main.BankingMain  - 3)Forgot password
[main] 2021-07-16 00:31:46 INFO  com.banking.main.BankingMain  - 4)EXIT
[main] 2021-07-16 00:31:46 INFO  com.banking.main.BankingMain  - Enter your choice 1-4
[main] 2021-07-16 00:31:50 INFO  com.banking.main.BankingMain  - Welcome to  the Engineer's Bank
[main] 2021-07-16 00:31:50 INFO  com.banking.main.BankingMain  - Enter the First Name
[main] 2021-07-16 00:31:52 INFO  com.banking.main.BankingMain  - Enter the Middle Name
[main] 2021-07-16 00:31:53 INFO  com.banking.main.BankingMain  - Enter the Last Name
[main] 2021-07-16 00:31:55 INFO  com.banking.main.BankingMain  - Enter the Date of Birth in dd/mm/yyyy format
[main] 2021-07-16 00:32:15 INFO  com.banking.main.BankingMain  - Enter the Father Name
[main] 2021-07-16 00:32:17 INFO  com.banking.main.BankingMain  - Enter the Mobile No.
[main] 2021-07-16 00:32:20 INFO  com.banking.main.BankingMain  - Enter the email address
[main] 2021-07-16 00:32:22 INFO  com.banking.main.BankingMain  - Enter the Address
[main] 2021-07-16 00:32:25 INFO  com.banking.main.BankingMain  - Select the id proof
1:Aadhar card with DOB
2:Voter Card
3:Passport
4:Driving License 
[main] 2021-07-16 00:32:31 INFO  com.banking.main.BankingMain  - Please Enter correct aadhar number
[main] 2021-07-16 00:32:48 INFO  com.banking.main.BankingMain  - Enter the PAN number
[main] 2021-07-16 00:32:52 INFO  com.banking.main.BankingMain  - Enter the username:
[main] 2021-07-16 00:32:57 INFO  com.banking.main.BankingMain  - Enter the password:
[main] 2021-07-16 00:33:00 INFO  com.banking.main.BankingMain  - Registered successfully
[main] 2021-07-16 00:33:00 INFO  com.banking.main.BankingMain  - Welcome to Engineer's Bank
[main] 2021-07-16 00:33:00 INFO  com.banking.main.BankingMain  - 1)Login
[main] 2021-07-16 00:33:00 INFO  com.banking.main.BankingMain  - 2)Sign up
[main] 2021-07-16 00:33:00 INFO  com.banking.main.BankingMain  - 3)Forgot password
[main] 2021-07-16 00:33:00 INFO  com.banking.main.BankingMain  - 4)EXIT
[main] 2021-07-16 00:33:00 INFO  com.banking.main.BankingMain  - Enter your choice 1-4
[main] 2021-07-16 00:38:44 INFO  com.banking.main.BankingMain  - Welcome to Engineer's Bank
[main] 2021-07-16 00:38:44 INFO  com.banking.main.BankingMain  - 1)Login
[main] 2021-07-16 00:38:44 INFO  com.banking.main.BankingMain  - 2)Sign up
[main] 2021-07-16 00:38:44 INFO  com.banking.main.BankingMain  - 3)Forgot password
[main] 2021-07-16 00:38:44 INFO  com.banking.main.BankingMain  - 4)EXIT
[main] 2021-07-16 00:38:44 INFO  com.banking.main.BankingMain  - Enter your choice 1-4
[main] 2021-07-16 00:38:55 INFO  com.banking.main.BankingMain  - Enter the username
[main] 2021-07-16 00:39:01 INFO  com.banking.main.BankingMain  - Enter the password
[main] 2021-07-16 00:39:05 INFO  com.banking.main.BankingMain  - Welcome to Engineer's Bank
[main] 2021-07-16 00:39:05 INFO  com.banking.main.BankingMain  - 1)Login
[main] 2021-07-16 00:39:05 INFO  com.banking.main.BankingMain  - 2)Sign up
[main] 2021-07-16 00:39:05 INFO  com.banking.main.BankingMain  - 3)Forgot password
[main] 2021-07-16 00:39:05 INFO  com.banking.main.BankingMain  - 4)EXIT
[main] 2021-07-16 00:39:05 INFO  com.banking.main.BankingMain  - Enter your choice 1-4
[main] 2021-07-16 00:39:08 INFO  com.banking.main.BankingMain  - Welcome to  the Engineer's Bank
[main] 2021-07-16 00:39:08 INFO  com.banking.main.BankingMain  - Enter the First Name
[main] 2021-07-16 00:39:10 INFO  com.banking.main.BankingMain  - Enter the Middle Name
[main] 2021-07-16 00:39:12 INFO  com.banking.main.BankingMain  - Enter the Last Name
[main] 2021-07-16 00:39:13 INFO  com.banking.main.BankingMain  - Enter the Date of Birth in dd/mm/yyyy format
[main] 2021-07-16 00:39:18 INFO  com.banking.main.BankingMain  - Enter the Father Name
[main] 2021-07-16 00:39:24 INFO  com.banking.main.BankingMain  - Enter the Mobile No.
[main] 2021-07-16 00:39:30 INFO  com.banking.main.BankingMain  - Enter the email address
[main] 2021-07-16 00:39:33 INFO  com.banking.main.BankingMain  - Enter the Address
[main] 2021-07-16 00:39:35 INFO  com.banking.main.BankingMain  - Select the id proof
1:Aadhar card with DOB
2:Voter Card
3:Passport
4:Driving License 
[main] 2021-07-16 00:39:41 INFO  com.banking.main.BankingMain  - Enter the PAN number
[main] 2021-07-16 00:39:47 INFO  com.banking.main.BankingMain  - Enter the username:
[main] 2021-07-16 00:39:51 INFO  com.banking.main.BankingMain  - Enter the password:
[main] 2021-07-16 00:39:54 INFO  com.banking.main.BankingMain  - Registered successfully
[main] 2021-07-16 00:39:54 INFO  com.banking.main.BankingMain  - Welcome to Engineer's Bank
[main] 2021-07-16 00:39:54 INFO  com.banking.main.BankingMain  - 1)Login
[main] 2021-07-16 00:39:54 INFO  com.banking.main.BankingMain  - 2)Sign up
[main] 2021-07-16 00:39:54 INFO  com.banking.main.BankingMain  - 3)Forgot password
[main] 2021-07-16 00:39:54 INFO  com.banking.main.BankingMain  - 4)EXIT
[main] 2021-07-16 00:39:54 INFO  com.banking.main.BankingMain  - Enter your choice 1-4
[main] 2021-07-16 00:53:33 INFO  com.banking.main.BankingMain  - Welcome to Engineer's Bank
[main] 2021-07-16 00:53:33 INFO  com.banking.main.BankingMain  - 1)Login
[main] 2021-07-16 00:53:33 INFO  com.banking.main.BankingMain  - 2)Sign up
[main] 2021-07-16 00:53:33 INFO  com.banking.main.BankingMain  - 3)Forgot password
[main] 2021-07-16 00:53:33 INFO  com.banking.main.BankingMain  - 4)EXIT
[main] 2021-07-16 00:53:33 INFO  com.banking.main.BankingMain  - Enter your choice 1-4
[main] 2021-07-16 00:53:43 INFO  com.banking.main.BankingMain  - Welcome to  the Engineer's Bank
[main] 2021-07-16 00:53:43 INFO  com.banking.main.BankingMain  - Enter the First Name
[main] 2021-07-16 00:53:46 INFO  com.banking.main.BankingMain  - Enter the Middle Name
[main] 2021-07-16 00:53:47 INFO  com.banking.main.BankingMain  - Enter the Last Name
[main] 2021-07-16 00:53:48 INFO  com.banking.main.BankingMain  - Enter the Date of Birth in dd/mm/yyyy format
[main] 2021-07-16 00:53:57 INFO  com.banking.main.BankingMain  - Enter the Father Name
[main] 2021-07-16 00:54:00 INFO  com.banking.main.BankingMain  - Enter the Mobile No.
[main] 2021-07-16 00:54:04 INFO  com.banking.main.BankingMain  - Enter the email address
[main] 2021-07-16 00:54:07 INFO  com.banking.main.BankingMain  - Enter the Address
[main] 2021-07-16 00:54:09 INFO  com.banking.main.BankingMain  - Select the id proof
1:Aadhar card with DOB
2:Voter Card
3:Passport
4:Driving License 
[main] 2021-07-16 00:54:17 INFO  com.banking.main.BankingMain  - Enter the PAN number
[main] 2021-07-16 00:54:22 INFO  com.banking.main.BankingMain  - Enter the username:
[main] 2021-07-16 00:54:26 INFO  com.banking.main.BankingMain  - Enter the password:
[main] 2021-07-16 00:54:30 INFO  com.banking.main.BankingMain  - Registered successfully
[main] 2021-07-16 00:54:30 INFO  com.banking.main.BankingMain  - Welcome to Engineer's Bank
[main] 2021-07-16 00:54:30 INFO  com.banking.main.BankingMain  - 1)Login
[main] 2021-07-16 00:54:30 INFO  com.banking.main.BankingMain  - 2)Sign up
[main] 2021-07-16 00:54:30 INFO  com.banking.main.BankingMain  - 3)Forgot password
[main] 2021-07-16 00:54:30 INFO  com.banking.main.BankingMain  - 4)EXIT
[main] 2021-07-16 00:54:30 INFO  com.banking.main.BankingMain  - Enter your choice 1-4
[main] 2021-07-16 01:23:40 INFO  com.banking.main.BankingMain  - Welcome to Engineer's Bank
[main] 2021-07-16 01:23:40 INFO  com.banking.main.BankingMain  - 1)Login
[main] 2021-07-16 01:23:40 INFO  com.banking.main.BankingMain  - 2)Sign up
[main] 2021-07-16 01:23:40 INFO  com.banking.main.BankingMain  - 3)Forgot password
[main] 2021-07-16 01:23:40 INFO  com.banking.main.BankingMain  - 4)EXIT
[main] 2021-07-16 01:23:40 INFO  com.banking.main.BankingMain  - Enter your choice 1-4
[main] 2021-07-16 01:23:55 INFO  com.banking.main.BankingMain  - Enter the username:
[main] 2021-07-16 01:24:02 INFO  com.banking.main.BankingMain  - Enter the password:
[main] 2021-07-16 01:24:05 INFO  com.banking.main.BankingMain  - enter the starting balance
[main] 2021-07-16 01:24:08 INFO  com.banking.main.BankingMain  - Registered successfully
[main] 2021-07-16 01:24:08 INFO  com.banking.main.BankingMain  - Welcome to Engineer's Bank
[main] 2021-07-16 01:24:08 INFO  com.banking.main.BankingMain  - 1)Login
[main] 2021-07-16 01:24:08 INFO  com.banking.main.BankingMain  - 2)Sign up
[main] 2021-07-16 01:24:08 INFO  com.banking.main.BankingMain  - 3)Forgot password
[main] 2021-07-16 01:24:08 INFO  com.banking.main.BankingMain  - 4)EXIT
[main] 2021-07-16 01:24:08 INFO  com.banking.main.BankingMain  - Enter your choice 1-4
[main] 2021-07-16 09:03:11 INFO  com.banking.main.BankingMain  - Welcome to BankApp V1.0
[main] 2021-07-16 09:03:11 INFO  com.banking.main.BankingMain  - ==================================
[main] 2021-07-16 09:03:11 INFO  com.banking.main.BankingMain  - 
Bank Menu
[main] 2021-07-16 09:03:11 INFO  com.banking.main.BankingMain  - 1)Login
[main] 2021-07-16 09:03:11 INFO  com.banking.main.BankingMain  - 2)Register as a Customer
[main] 2021-07-16 09:03:11 INFO  com.banking.main.BankingMain  - 3)EXIT
[main] 2021-07-16 09:03:11 INFO  com.banking.main.BankingMain  - 
Enter your Choice 1-3
[main] 2021-07-16 09:03:23 INFO  com.banking.main.BankingMain  - 
Welcome to Cutomer Login Page

[main] 2021-07-16 09:03:23 INFO  com.banking.main.BankingMain  - 
Enter Your Name
[main] 2021-07-16 09:03:27 INFO  com.banking.main.BankingMain  - 
Enter Your Email
[main] 2021-07-16 09:03:39 INFO  com.banking.main.BankingMain  - 
Enter Your Username
[main] 2021-07-16 09:03:45 INFO  com.banking.main.BankingMain  - 
Enter Your Password
[main] 2021-07-16 09:03:51 WARN  com.banking.dao.BankingDao  - ERROR: relation "customerlogin" does not exist
  Position: 13
[main] 2021-07-16 09:03:51 WARN  com.banking.main.BankingMain  - Internal Error Occured... Kindly contact SysAdmin
[main] 2021-07-16 09:06:32 INFO  com.banking.main.BankingMain  - Welcome to BankApp V1.0
[main] 2021-07-16 09:06:32 INFO  com.banking.main.BankingMain  - ==================================
[main] 2021-07-16 09:06:32 INFO  com.banking.main.BankingMain  - 
Bank Menu
[main] 2021-07-16 09:06:32 INFO  com.banking.main.BankingMain  - 1)Login
[main] 2021-07-16 09:06:32 INFO  com.banking.main.BankingMain  - 2)Register as a Customer
[main] 2021-07-16 09:06:32 INFO  com.banking.main.BankingMain  - 3)EXIT
[main] 2021-07-16 09:06:32 INFO  com.banking.main.BankingMain  - 
Enter your Choice 1-3
[main] 2021-07-16 09:06:42 INFO  com.banking.main.BankingMain  - 
Welcome to Cutomer Login Page

[main] 2021-07-16 09:06:42 INFO  com.banking.main.BankingMain  - 
Enter Your Name
[main] 2021-07-16 09:06:47 INFO  com.banking.main.BankingMain  - 
Enter Your Email
[main] 2021-07-16 09:07:01 INFO  com.banking.main.BankingMain  - 
Enter Your Username
[main] 2021-07-16 09:07:04 INFO  com.banking.main.BankingMain  - 
Enter Your Password
[main] 2021-07-16 09:07:07 INFO  com.banking.main.BankingMain  - 
 Bank Account Registered Successfully...

[main] 2021-07-16 09:07:07 INFO  com.banking.main.BankingMain  - Welcome to BankApp V1.0
[main] 2021-07-16 09:07:07 INFO  com.banking.main.BankingMain  - ==================================
[main] 2021-07-16 09:07:07 INFO  com.banking.main.BankingMain  - 
Bank Menu
[main] 2021-07-16 09:07:07 INFO  com.banking.main.BankingMain  - 1)Login
[main] 2021-07-16 09:07:07 INFO  com.banking.main.BankingMain  - 2)Register as a Customer
[main] 2021-07-16 09:07:07 INFO  com.banking.main.BankingMain  - 3)EXIT
[main] 2021-07-16 09:07:07 INFO  com.banking.main.BankingMain  - 
Enter your Choice 1-3
[main] 2021-07-16 09:08:17 INFO  com.banking.main.BankingMain  - 
1)Login as Employee
[main] 2021-07-16 09:08:17 INFO  com.banking.main.BankingMain  - 
2)Login as Customer
[main] 2021-07-16 09:08:17 INFO  com.banking.main.BankingMain  - 
Enter your Choice 1-2
[main] 2021-07-16 09:08:17 INFO  com.banking.main.BankingMain  - Welcome to BankApp V1.0
[main] 2021-07-16 09:08:17 INFO  com.banking.main.BankingMain  - ==================================
[main] 2021-07-16 09:08:17 INFO  com.banking.main.BankingMain  - 
Bank Menu
[main] 2021-07-16 09:08:17 INFO  com.banking.main.BankingMain  - 1)Login
[main] 2021-07-16 09:08:17 INFO  com.banking.main.BankingMain  - 2)Register as a Customer
[main] 2021-07-16 09:08:17 INFO  com.banking.main.BankingMain  - 3)EXIT
[main] 2021-07-16 09:08:17 INFO  com.banking.main.BankingMain  - 
Enter your Choice 1-3
[main] 2021-07-16 09:08:25 INFO  com.banking.main.BankingMain  - 
Welcome to Cutomer Login Page

[main] 2021-07-16 09:08:25 INFO  com.banking.main.BankingMain  - 
Enter Your Name
[main] 2021-07-16 09:08:40 INFO  com.banking.main.BankingMain  - 
Enter Your Email
[main] 2021-07-16 09:08:59 INFO  com.banking.main.BankingMain  - 
Enter Your Username
[main] 2021-07-16 09:09:20 INFO  com.banking.main.BankingMain  - Welcome to BankApp V1.0
[main] 2021-07-16 09:09:20 INFO  com.banking.main.BankingMain  - ==================================
[main] 2021-07-16 09:09:20 INFO  com.banking.main.BankingMain  - 
Bank Menu
[main] 2021-07-16 09:09:20 INFO  com.banking.main.BankingMain  - 1)Login
[main] 2021-07-16 09:09:20 INFO  com.banking.main.BankingMain  - 2)Register as a Customer
[main] 2021-07-16 09:09:20 INFO  com.banking.main.BankingMain  - 3)EXIT
[main] 2021-07-16 09:09:20 INFO  com.banking.main.BankingMain  - 
Enter your Choice 1-3
[main] 2021-07-16 09:09:24 INFO  com.banking.main.BankingMain  - 
1)Login as Employee
[main] 2021-07-16 09:09:24 INFO  com.banking.main.BankingMain  - 
2)Login as Customer
[main] 2021-07-16 09:09:24 INFO  com.banking.main.BankingMain  - 
Enter your Choice 1-2
[main] 2021-07-16 09:09:27 INFO  com.banking.main.BankingMain  - 
Welcome to Customer Login Screen
[main] 2021-07-16 09:09:27 INFO  com.banking.main.BankingMain  - 
 Enter Username:
[main] 2021-07-16 09:09:39 INFO  com.banking.main.BankingMain  - 
 Enter Password:
[main] 2021-07-16 09:09:42 INFO  com.banking.main.BankingMain  - Employee Login Successfully

[main] 2021-07-16 09:09:42 INFO  com.banking.main.BankingMain  - Welcome abcd
[main] 2021-07-16 09:09:42 INFO  com.banking.main.BankingMain  - 
1)Open Account
[main] 2021-07-16 09:09:42 INFO  com.banking.main.BankingMain  - 
2)Transfer Amount
[main] 2021-07-16 09:09:42 INFO  com.banking.main.BankingMain  - 
3)Withdraw Amount
[main] 2021-07-16 09:09:42 INFO  com.banking.main.BankingMain  - 
4)Deposit Amount
[main] 2021-07-16 09:09:42 INFO  com.banking.main.BankingMain  - 
5)View statement
[main] 2021-07-16 09:09:42 INFO  com.banking.main.BankingMain  - 
6)Logout
[main] 2021-07-16 09:09:42 INFO  com.banking.main.BankingMain  - 
Enter Your Choice 1-6
[main] 2021-07-16 09:09:58 INFO  com.banking.main.BankingMain  - Enter your Account Number
[main] 2021-07-16 09:11:04 INFO  com.banking.main.BankingMain  - 
Enter the Amount to Deposit(min 500)
[main] 2021-07-16 09:11:11 WARN  com.banking.dao.BankingDao  - org.postgresql.util.PSQLException: ERROR: relation "bank_schema.custacctdetails" does not exist
  Position: 57
[main] 2021-07-16 09:11:11 WARN  com.banking.main.BankingMain  - Internal error occured... Kindly conatct SYSADMIN........
[main] 2021-07-16 09:11:28 INFO  com.banking.main.BankingMain  - Welcome to BankApp V1.0
[main] 2021-07-16 09:11:28 INFO  com.banking.main.BankingMain  - ==================================
[main] 2021-07-16 09:11:28 INFO  com.banking.main.BankingMain  - 
Bank Menu
[main] 2021-07-16 09:11:28 INFO  com.banking.main.BankingMain  - 1)Login
[main] 2021-07-16 09:11:28 INFO  com.banking.main.BankingMain  - 2)Register as a Customer
[main] 2021-07-16 09:11:28 INFO  com.banking.main.BankingMain  - 3)EXIT
[main] 2021-07-16 09:11:28 INFO  com.banking.main.BankingMain  - 
Enter your Choice 1-3
[main] 2021-07-16 09:11:45 INFO  com.banking.main.BankingMain  - 
1)Login as Employee
[main] 2021-07-16 09:11:45 INFO  com.banking.main.BankingMain  - 
2)Login as Customer
[main] 2021-07-16 09:11:45 INFO  com.banking.main.BankingMain  - 
Enter your Choice 1-2
[main] 2021-07-16 09:11:49 INFO  com.banking.main.BankingMain  - 
Welcome to Customer Login Screen
[main] 2021-07-16 09:11:49 INFO  com.banking.main.BankingMain  - 
 Enter Username:
[main] 2021-07-16 09:11:56 INFO  com.banking.main.BankingMain  - 
 Enter Password:
[main] 2021-07-16 09:11:59 INFO  com.banking.main.BankingMain  - Employee Login Successfully

[main] 2021-07-16 09:11:59 INFO  com.banking.main.BankingMain  - Welcome abcd
[main] 2021-07-16 09:11:59 INFO  com.banking.main.BankingMain  - 
1)Open Account
[main] 2021-07-16 09:11:59 INFO  com.banking.main.BankingMain  - 
2)Transfer Amount
[main] 2021-07-16 09:11:59 INFO  com.banking.main.BankingMain  - 
3)Withdraw Amount
[main] 2021-07-16 09:11:59 INFO  com.banking.main.BankingMain  - 
4)Deposit Amount
[main] 2021-07-16 09:11:59 INFO  com.banking.main.BankingMain  - 
5)View statement
[main] 2021-07-16 09:11:59 INFO  com.banking.main.BankingMain  - 
6)Logout
[main] 2021-07-16 09:11:59 INFO  com.banking.main.BankingMain  - 
Enter Your Choice 1-6
[main] 2021-07-16 09:12:01 INFO  com.banking.main.BankingMain  - Enter Your Username
[main] 2021-07-16 09:12:07 INFO  com.banking.main.BankingMain  - Enter Your First Name
[main] 2021-07-16 09:12:10 INFO  com.banking.main.BankingMain  - Enter Your Last Name
[main] 2021-07-16 09:12:13 INFO  com.banking.main.BankingMain  - Enter Your Gender
[main] 2021-07-16 09:12:16 INFO  com.banking.main.BankingMain  - Enter Your Date of Birth in (yyy-mm-dd)
[main] 2021-07-16 09:12:26 INFO  com.banking.main.BankingMain  - Enter Your Mobile Number(10-Digits)
[main] 2021-07-16 09:12:32 INFO  com.banking.main.BankingMain  - Enter your PanCard Number
[main] 2021-07-16 09:12:37 INFO  com.banking.main.BankingMain  - Enter Your City
[main] 2021-07-16 09:12:42 INFO  com.banking.main.BankingMain  - Enter Your State
[main] 2021-07-16 09:12:50 INFO  com.banking.main.BankingMain  - Set Initial Amount(Min 500)
[main] 2021-07-16 09:12:53 WARN  com.banking.dao.BankingDao  - ERROR: column "custmobileno" of relation "customerpersonal" does not exist
  Position: 94
[main] 2021-07-16 09:12:53 WARN  com.banking.main.BankingMain  - Internal Error Occured... Kindly contact SysAdmin
[main] 2021-07-16 09:12:53 WARN  com.banking.main.BankingMain  - Bank Account  Creation Failed!!
[main] 2021-07-16 09:14:52 INFO  com.banking.main.BankingMain  - Welcome to BankApp V1.0
[main] 2021-07-16 09:14:52 INFO  com.banking.main.BankingMain  - ==================================
[main] 2021-07-16 09:14:52 INFO  com.banking.main.BankingMain  - 
Bank Menu
[main] 2021-07-16 09:14:52 INFO  com.banking.main.BankingMain  - 1)Login
[main] 2021-07-16 09:14:52 INFO  com.banking.main.BankingMain  - 2)Register as a Customer
[main] 2021-07-16 09:14:52 INFO  com.banking.main.BankingMain  - 3)EXIT
[main] 2021-07-16 09:14:52 INFO  com.banking.main.BankingMain  - 
Enter your Choice 1-3
[main] 2021-07-16 09:14:58 INFO  com.banking.main.BankingMain  - 
1)Login as Employee
[main] 2021-07-16 09:14:58 INFO  com.banking.main.BankingMain  - 
2)Login as Customer
[main] 2021-07-16 09:14:58 INFO  com.banking.main.BankingMain  - 
Enter your Choice 1-2
[main] 2021-07-16 09:14:59 INFO  com.banking.main.BankingMain  - 
Welcome to Customer Login Screen
[main] 2021-07-16 09:14:59 INFO  com.banking.main.BankingMain  - 
 Enter Username:
[main] 2021-07-16 09:15:02 INFO  com.banking.main.BankingMain  - 
 Enter Password:
[main] 2021-07-16 09:15:04 INFO  com.banking.main.BankingMain  - Employee Login Successfully

[main] 2021-07-16 09:15:04 INFO  com.banking.main.BankingMain  - Welcome abcd
[main] 2021-07-16 09:15:04 INFO  com.banking.main.BankingMain  - 
1)Open Account
[main] 2021-07-16 09:15:04 INFO  com.banking.main.BankingMain  - 
2)Transfer Amount
[main] 2021-07-16 09:15:04 INFO  com.banking.main.BankingMain  - 
3)Withdraw Amount
[main] 2021-07-16 09:15:04 INFO  com.banking.main.BankingMain  - 
4)Deposit Amount
[main] 2021-07-16 09:15:04 INFO  com.banking.main.BankingMain  - 
5)View statement
[main] 2021-07-16 09:15:04 INFO  com.banking.main.BankingMain  - 
6)Logout
[main] 2021-07-16 09:15:04 INFO  com.banking.main.BankingMain  - 
Enter Your Choice 1-6
[main] 2021-07-16 09:15:07 INFO  com.banking.main.BankingMain  - Enter Your Username
[main] 2021-07-16 09:15:10 INFO  com.banking.main.BankingMain  - Enter Your First Name
[main] 2021-07-16 09:15:14 INFO  com.banking.main.BankingMain  - Enter Your Last Name
[main] 2021-07-16 09:15:19 INFO  com.banking.main.BankingMain  - Enter Your Gender
[main] 2021-07-16 09:15:21 INFO  com.banking.main.BankingMain  - Enter Your Date of Birth in (yyy-mm-dd)
[main] 2021-07-16 09:15:26 INFO  com.banking.main.BankingMain  - Enter Your Mobile Number(10-Digits)
[main] 2021-07-16 09:15:30 INFO  com.banking.main.BankingMain  - Enter your PanCard Number
[main] 2021-07-16 09:15:37 INFO  com.banking.main.BankingMain  - Enter Your City
[main] 2021-07-16 09:15:40 INFO  com.banking.main.BankingMain  - Enter Your State
[main] 2021-07-16 09:15:47 INFO  com.banking.main.BankingMain  - Set Initial Amount(Min 500)
[main] 2021-07-16 09:15:49 WARN  com.banking.dao.BankingDao  - ERROR: column "custmobileno" of relation "customerpersonal" does not exist
  Position: 94
[main] 2021-07-16 09:15:49 WARN  com.banking.main.BankingMain  - Internal Error Occured... Kindly contact SysAdmin
[main] 2021-07-16 09:15:49 WARN  com.banking.main.BankingMain  - Bank Account  Creation Failed!!
[main] 2021-07-16 09:17:57 INFO  com.banking.main.BankingMain  - Welcome to BankApp V1.0
[main] 2021-07-16 09:17:57 INFO  com.banking.main.BankingMain  - ==================================
[main] 2021-07-16 09:17:57 INFO  com.banking.main.BankingMain  - 
Bank Menu
[main] 2021-07-16 09:17:57 INFO  com.banking.main.BankingMain  - 1)Login
[main] 2021-07-16 09:17:57 INFO  com.banking.main.BankingMain  - 2)Register as a Customer
[main] 2021-07-16 09:17:57 INFO  com.banking.main.BankingMain  - 3)EXIT
[main] 2021-07-16 09:17:57 INFO  com.banking.main.BankingMain  - 
Enter your Choice 1-3
[main] 2021-07-16 09:18:06 INFO  com.banking.main.BankingMain  - 
1)Login as Employee
[main] 2021-07-16 09:18:06 INFO  com.banking.main.BankingMain  - 
2)Login as Customer
[main] 2021-07-16 09:18:06 INFO  com.banking.main.BankingMain  - 
Enter your Choice 1-2
[main] 2021-07-16 09:18:07 INFO  com.banking.main.BankingMain  - 
Welcome to Customer Login Screen
[main] 2021-07-16 09:18:07 INFO  com.banking.main.BankingMain  - 
 Enter Username:
[main] 2021-07-16 09:18:22 INFO  com.banking.main.BankingMain  - 
 Enter Password:
[main] 2021-07-16 09:18:24 INFO  com.banking.main.BankingMain  - Employee Login Successfully

[main] 2021-07-16 09:18:24 INFO  com.banking.main.BankingMain  - Welcome abcd
[main] 2021-07-16 09:18:24 INFO  com.banking.main.BankingMain  - 
1)Open Account
[main] 2021-07-16 09:18:24 INFO  com.banking.main.BankingMain  - 
2)Transfer Amount
[main] 2021-07-16 09:18:24 INFO  com.banking.main.BankingMain  - 
3)Withdraw Amount
[main] 2021-07-16 09:18:24 INFO  com.banking.main.BankingMain  - 
4)Deposit Amount
[main] 2021-07-16 09:18:24 INFO  com.banking.main.BankingMain  - 
5)View statement
[main] 2021-07-16 09:18:24 INFO  com.banking.main.BankingMain  - 
6)Logout
[main] 2021-07-16 09:18:24 INFO  com.banking.main.BankingMain  - 
Enter Your Choice 1-6
[main] 2021-07-16 09:18:27 INFO  com.banking.main.BankingMain  - Enter Your Username
[main] 2021-07-16 09:18:31 INFO  com.banking.main.BankingMain  - Enter Your First Name
[main] 2021-07-16 09:18:39 INFO  com.banking.main.BankingMain  - Enter Your Last Name
[main] 2021-07-16 09:18:41 INFO  com.banking.main.BankingMain  - Enter Your Gender
[main] 2021-07-16 09:18:43 INFO  com.banking.main.BankingMain  - Enter Your Date of Birth in (yyy-mm-dd)
[main] 2021-07-16 09:18:49 INFO  com.banking.main.BankingMain  - Enter Your Mobile Number(10-Digits)
[main] 2021-07-16 09:18:53 INFO  com.banking.main.BankingMain  - Enter your PanCard Number
[main] 2021-07-16 09:19:02 INFO  com.banking.main.BankingMain  - Enter Your City
[main] 2021-07-16 09:19:04 INFO  com.banking.main.BankingMain  - Enter Your State
[main] 2021-07-16 09:19:06 INFO  com.banking.main.BankingMain  - Set Initial Amount(Min 500)
[main] 2021-07-16 09:19:08 WARN  com.banking.dao.BankingDao  - ERROR: column "custmobileno" of relation "customerpersonal" does not exist
  Position: 94
[main] 2021-07-16 09:19:08 WARN  com.banking.main.BankingMain  - Internal Error Occured... Kindly contact SysAdmin
[main] 2021-07-16 09:19:08 WARN  com.banking.main.BankingMain  - Bank Account  Creation Failed!!
[main] 2021-07-16 13:11:37 INFO  com.banking.main.BankingMain  - Welcome to BankApp V1.0
[main] 2021-07-16 13:11:37 INFO  com.banking.main.BankingMain  - ==================================
[main] 2021-07-16 13:11:37 INFO  com.banking.main.BankingMain  - 
Bank Menu
[main] 2021-07-16 13:11:37 INFO  com.banking.main.BankingMain  - 1)Login
[main] 2021-07-16 13:11:37 INFO  com.banking.main.BankingMain  - 2)Register as a Customer
[main] 2021-07-16 13:11:37 INFO  com.banking.main.BankingMain  - 3)EXIT
[main] 2021-07-16 13:11:37 INFO  com.banking.main.BankingMain  - 
Enter your Choice 1-3
[main] 2021-07-16 13:11:47 INFO  com.banking.main.BankingMain  - 
Welcome to Cutomer Login Page

[main] 2021-07-16 13:11:47 INFO  com.banking.main.BankingMain  - 
Enter Your Name
[main] 2021-07-16 13:11:56 INFO  com.banking.main.BankingMain  - 
Enter Your Email
[main] 2021-07-16 13:12:13 INFO  com.banking.main.BankingMain  - 
Enter Your Username
[main] 2021-07-16 13:12:29 INFO  com.banking.main.BankingMain  - 
Enter Your Password
[main] 2021-07-16 13:12:32 INFO  com.banking.main.BankingMain  - 
 Bank Account Registered Successfully...

[main] 2021-07-16 13:12:32 INFO  com.banking.main.BankingMain  - Welcome to BankApp V1.0
[main] 2021-07-16 13:12:32 INFO  com.banking.main.BankingMain  - ==================================
[main] 2021-07-16 13:12:32 INFO  com.banking.main.BankingMain  - 
Bank Menu
[main] 2021-07-16 13:12:32 INFO  com.banking.main.BankingMain  - 1)Login
[main] 2021-07-16 13:12:32 INFO  com.banking.main.BankingMain  - 2)Register as a Customer
[main] 2021-07-16 13:12:32 INFO  com.banking.main.BankingMain  - 3)EXIT
[main] 2021-07-16 13:12:32 INFO  com.banking.main.BankingMain  - 
Enter your Choice 1-3
[main] 2021-07-16 13:12:47 INFO  com.banking.main.BankingMain  - 
1)Login as Employee
[main] 2021-07-16 13:12:47 INFO  com.banking.main.BankingMain  - 
2)Login as Customer
[main] 2021-07-16 13:12:47 INFO  com.banking.main.BankingMain  - 
Enter your Choice 1-2
[main] 2021-07-16 13:12:58 INFO  com.banking.main.BankingMain  - 
Welcome to Employee Login Screen
[main] 2021-07-16 13:12:58 INFO  com.banking.main.BankingMain  - 
Enter Username:
[main] 2021-07-16 13:13:02 INFO  com.banking.main.BankingMain  - 
Enter Password:
[main] 2021-07-16 13:13:05 WARN  com.banking.dao.BankingDao  - ERROR: column "emppassword" does not exist
  Hint: Perhaps you meant to reference the column "employee.empassword".
  Position: 20
[main] 2021-07-16 13:13:05 WARN  com.banking.main.BankingMain  - Internal Error Occured... Kindly contact SysAdmin
[main] 2021-07-16 13:14:05 INFO  com.banking.main.BankingMain  - Welcome to BankApp V1.0
[main] 2021-07-16 13:14:05 INFO  com.banking.main.BankingMain  - ==================================
[main] 2021-07-16 13:14:05 INFO  com.banking.main.BankingMain  - 
Bank Menu
[main] 2021-07-16 13:14:05 INFO  com.banking.main.BankingMain  - 1)Login
[main] 2021-07-16 13:14:05 INFO  com.banking.main.BankingMain  - 2)Register as a Customer
[main] 2021-07-16 13:14:05 INFO  com.banking.main.BankingMain  - 3)EXIT
[main] 2021-07-16 13:14:05 INFO  com.banking.main.BankingMain  - 
Enter your Choice 1-3
[main] 2021-07-16 13:14:12 INFO  com.banking.main.BankingMain  - 
1)Login as Employee
[main] 2021-07-16 13:14:12 INFO  com.banking.main.BankingMain  - 
2)Login as Customer
[main] 2021-07-16 13:14:12 INFO  com.banking.main.BankingMain  - 
Enter your Choice 1-2
[main] 2021-07-16 13:14:16 INFO  com.banking.main.BankingMain  - 
Welcome to Employee Login Screen
[main] 2021-07-16 13:14:16 INFO  com.banking.main.BankingMain  - 
Enter Username:
[main] 2021-07-16 13:14:20 INFO  com.banking.main.BankingMain  - 
Enter Password:
[main] 2021-07-16 13:14:26 INFO  com.banking.main.BankingMain  - Employee Login Successfully
[main] 2021-07-16 13:14:26 INFO  com.banking.main.BankingMain  - 
Welcome amit

[main] 2021-07-16 13:14:26 INFO  com.banking.main.BankingMain  - 
1)Open Account
[main] 2021-07-16 13:14:26 INFO  com.banking.main.BankingMain  - 
2)Approve or Reject an Account
[main] 2021-07-16 13:14:26 INFO  com.banking.main.BankingMain  - 
3)View All Customer Personal Details
[main] 2021-07-16 13:14:26 INFO  com.banking.main.BankingMain  - 
4)View Customer Account Details
[main] 2021-07-16 13:14:26 INFO  com.banking.main.BankingMain  - 
5)View Transaction of Customers
[main] 2021-07-16 13:14:26 INFO  com.banking.main.BankingMain  - 
6)Logout
[main] 2021-07-16 13:14:26 INFO  com.banking.main.BankingMain  - 
Enter Your Choice 1-5
[main] 2021-07-16 13:14:31 INFO  com.banking.main.BankingMain  - Enter Your Username
[main] 2021-07-16 13:14:39 INFO  com.banking.main.BankingMain  - Enter Your First Name
[main] 2021-07-16 13:14:42 INFO  com.banking.main.BankingMain  - Enter Your Last Name
[main] 2021-07-16 13:14:44 INFO  com.banking.main.BankingMain  - Enter Your Gender
[main] 2021-07-16 13:14:46 INFO  com.banking.main.BankingMain  - Enter Your Date of Birth in (yyy-mm-dd)
[main] 2021-07-16 13:14:52 INFO  com.banking.main.BankingMain  - Enter Your Mobile Number(10-Digits)
[main] 2021-07-16 13:14:56 INFO  com.banking.main.BankingMain  - Enter your Occupation
[main] 2021-07-16 13:15:17 INFO  com.banking.main.BankingMain  - Enter Your City
[main] 2021-07-16 13:15:23 INFO  com.banking.main.BankingMain  - Enter Your State
[main] 2021-07-16 13:15:26 INFO  com.banking.main.BankingMain  - Set Initial Amount(Min 500)
[main] 2021-07-16 13:15:29 WARN  com.banking.dao.BankingDao  - ERROR: column "custmobileno" of relation "customerpersonal" does not exist
  Position: 94
[main] 2021-07-16 13:15:29 WARN  com.banking.main.BankingMain  - Internal Error Occured... Kindly contact SysAdmin
[main] 2021-07-16 13:15:29 WARN  com.banking.main.BankingMain  - Bank Account  Creation Failed!!
